<?xml version="1.0" encoding="UTF-8"?>
<!-- Generated by org.testng.reporters.JUnitReportReporter -->
<testsuite hostname="DESKTOP-I96BLA4" failures="0" tests="2" name="cucumberOptions.TestNGTestRunner" time="146.068" errors="0" timestamp="2024-02-04T01:14:28 IST" skipped="0">
  <testcase classname="cucumberOptions.TestNGTestRunner" name="runScenario" time="72.170"/>
  <system-out/>
  <testcase classname="cucumberOptions.TestNGTestRunner" name="runScenario" time="73.898"/>
  <system-out/>
</testsuite> <!-- cucumberOptions.TestNGTestRunner -->
