<?xml version="1.0" encoding="UTF-8"?>
<!-- Generated by org.testng.reporters.JUnitReportReporter -->
<testsuite hostname="DESKTOP-I96BLA4" failures="0" tests="2" name="cucumberOptions.TestNGTestRunner" time="124.676" errors="0" timestamp="2024-02-04T03:00:01 IST" skipped="0">
  <testcase classname="cucumberOptions.TestNGTestRunner" name="runScenario" time="62.343"/>
  <system-out/>
  <testcase classname="cucumberOptions.TestNGTestRunner" name="runScenario" time="62.333"/>
  <system-out/>
</testsuite> <!-- cucumberOptions.TestNGTestRunner -->
